<?xml version="1.0" encoding="UTF-8"?>
<!-- Generated by org.testng.reporters.JUnitReportReporter -->
<testsuite hostname="ejijo-in" name="Utilities.ConfigCreator" tests="1" failures="0" timestamp="20 Jul 2019 12:21:24 GMT" time="0.053" errors="0">
  <testcase name="loadConfigValFromJenkins" time="0.053" classname="Utilities.ConfigCreator"/>
</testsuite> <!-- Utilities.ConfigCreator -->
