<?xml version="1.0" encoding="UTF-8"?>
<!-- Generated by org.testng.reporters.JUnitReportReporter -->
<testsuite hostname="ejijo-in" name="TestCases.PRM.Test10" tests="1" failures="0" timestamp="20 Jul 2019 09:24:34 GMT" time="0.001" errors="0">
  <testcase name="f" time="0.001" classname="TestCases.PRM.Test10"/>
</testsuite> <!-- TestCases.PRM.Test10 -->
