<?xml version="1.0" encoding="UTF-8"?>
<!-- Generated by org.testng.reporters.JUnitReportReporter -->
<testsuite hostname="ejijo-in" name="TestEngine.XmlGenerator" tests="1" failures="0" timestamp="20 Jul 2019 09:24:34 GMT" time="9.018" errors="0">
  <testcase name="xmlCreate" time="9.018" classname="TestEngine.XmlGenerator"/>
</testsuite> <!-- TestEngine.XmlGenerator -->
